<?xml version="1.0" encoding="UTF-8"?>
<testng-results ignored="0" total="1" passed="1" failed="0" skipped="0">
  <reporter-output>
  </reporter-output>
  <suite started-at="2022-06-06T21:19:58 AEST" name="Suite" finished-at="2022-06-06T21:20:37 AEST" duration-ms="39167">
    <groups>
    </groups>
    <test started-at="2022-06-06T21:19:58 AEST" name="Test" finished-at="2022-06-06T21:20:37 AEST" duration-ms="39167">
      <class name="securepay.challenge.MainTest">
        <test-method is-config="true" signature="setUp()[pri:0, instance:securepay.challenge.MainTest@65c7a252]" started-at="2022-06-06T21:19:58 AEST" name="setUp" finished-at="2022-06-06T21:20:08 AEST" duration-ms="9836" status="PASS">
          <reporter-output>
          </reporter-output>
        </test-method> <!-- setUp -->
        <test-method signature="basePageNavigation()[pri:0, instance:securepay.challenge.MainTest@65c7a252]" started-at="2022-06-06T21:20:08 AEST" name="basePageNavigation" finished-at="2022-06-06T21:20:36 AEST" duration-ms="27858" status="PASS">
          <reporter-output>
          </reporter-output>
        </test-method> <!-- basePageNavigation -->
        <test-method is-config="true" signature="tearDown()[pri:0, instance:securepay.challenge.MainTest@65c7a252]" started-at="2022-06-06T21:20:36 AEST" name="tearDown" finished-at="2022-06-06T21:20:37 AEST" duration-ms="1242" status="PASS">
          <reporter-output>
          </reporter-output>
        </test-method> <!-- tearDown -->
      </class> <!-- securepay.challenge.MainTest -->
    </test> <!-- Test -->
  </suite> <!-- Suite -->
</testng-results>
